<?xml version="1.0" encoding="UTF-8"?>
<!-- Generated by org.testng.reporters.JUnitReportReporter -->
<testsuite hostname="CTNL0060" failures="0" tests="3" name="com.crestech.android.tests.DBSAndroidTest" time="41.881" errors="1" timestamp="01 Nov 2021 07:14:37 GMT" skipped="1">
  <testcase classname="com.crestech.android.tests.DBSAndroidTest" name="startApp" time="0.702">
    <error message="Fail to save: an error occurs while saving the package : The part /xl/worksheets/sheet3.xml failed to be saved in the stream with marshaller org.apache.poi.openxml4j.opc.internal.marshallers.DefaultMarshaller@2e6c009" type="org.apache.poi.openxml4j.exceptions.OpenXML4JRuntimeException">
      <![CDATA[org.apache.poi.openxml4j.exceptions.OpenXML4JRuntimeException: Fail to save: an error occurs while saving the package : The part /xl/worksheets/sheet3.xml failed to be saved in the stream with marshaller org.apache.poi.openxml4j.opc.internal.marshallers.DefaultMarshaller@2e6c009
	at org.apache.poi.openxml4j.opc.ZipPackage.saveImpl(ZipPackage.java:554)
	at org.apache.poi.openxml4j.opc.OPCPackage.save(OPCPackage.java:1505)
	at org.apache.poi.openxml4j.opc.OPCPackage.save(OPCPackage.java:1492)
	at org.apache.poi.openxml4j.opc.ZipPackage.closeImpl(ZipPackage.java:427)
	at org.apache.poi.openxml4j.opc.OPCPackage.close(OPCPackage.java:457)
	at org.apache.poi.ooxml.POIXMLDocument.close(POIXMLDocument.java:204)
	at org.apache.poi.xssf.usermodel.XSSFWorkbook.close(XSSFWorkbook.java:594)
	at com.crestech.common.utilities.ExcelUtils.readExcel(ExcelUtils.java:66)
	at com.crestech.base.UserBaseTest.startApp(UserBaseTest.java:95)
	at java.base/jdk.internal.reflect.NativeMethodAccessorImpl.invoke0(Native Method)
	at java.base/jdk.internal.reflect.NativeMethodAccessorImpl.invoke(NativeMethodAccessorImpl.java:64)
	at java.base/jdk.internal.reflect.DelegatingMethodAccessorImpl.invoke(DelegatingMethodAccessorImpl.java:43)
	at java.base/java.lang.reflect.Method.invoke(Method.java:564)
	at org.testng.internal.MethodInvocationHelper.invokeMethod(MethodInvocationHelper.java:108)
	at org.testng.internal.Invoker.invokeConfigurationMethod(Invoker.java:523)
	at org.testng.internal.Invoker.invokeConfigurations(Invoker.java:224)
	at org.testng.internal.Invoker.invokeMethod(Invoker.java:599)
	at org.testng.internal.Invoker.invokeTestMethod(Invoker.java:869)
	at org.testng.internal.Invoker.invokeTestMethods(Invoker.java:1193)
	at org.testng.internal.TestMethodWorker.invokeTestMethods(TestMethodWorker.java:126)
	at org.testng.internal.TestMethodWorker.run(TestMethodWorker.java:109)
	at org.testng.TestRunner.privateRun(TestRunner.java:744)
	at org.testng.TestRunner.run(TestRunner.java:602)
	at org.testng.SuiteRunner.runTest(SuiteRunner.java:380)
	at org.testng.SuiteRunner.access$000(SuiteRunner.java:39)
	at org.testng.SuiteRunner$SuiteWorker.run(SuiteRunner.java:414)
	at org.testng.internal.thread.ThreadUtil$1.call(ThreadUtil.java:52)
	at java.base/java.util.concurrent.FutureTask.run(FutureTask.java:264)
	at java.base/java.util.concurrent.ThreadPoolExecutor.runWorker(ThreadPoolExecutor.java:1130)
	at java.base/java.util.concurrent.ThreadPoolExecutor$Worker.run(ThreadPoolExecutor.java:630)
	at java.base/java.lang.Thread.run(Thread.java:832)
Caused by: org.apache.poi.openxml4j.exceptions.OpenXML4JException: The part /xl/worksheets/sheet3.xml failed to be saved in the stream with marshaller org.apache.poi.openxml4j.opc.internal.marshallers.DefaultMarshaller@2e6c009
	at org.apache.poi.openxml4j.opc.ZipPackage.saveImpl(ZipPackage.java:543)
	... 30 more
]]>
    </error>
  </testcase> <!-- startApp -->
  <testcase classname="com.crestech.android.tests.DBSAndroidTest" name="SampleAndroidTest" time="41.179"/>
  <testcase classname="com.crestech.android.tests.DBSAndroidTest" name="SampleAndroidTest" time="0.000">
    <skipped/>
  </testcase> <!-- SampleAndroidTest -->
</testsuite> <!-- com.crestech.android.tests.DBSAndroidTest -->
