<?xml version="1.0" encoding="UTF-8"?>
<!-- Generated by org.testng.reporters.JUnitReportReporter -->
<testsuite skipped="0" hostname="DESKTOP-9OLEHDV" name="com.crestech.common.utilities.ExcelUtils" tests="1" failures="0" timestamp="21 May 2020 06:46:11 GMT" time="1.370" errors="0">
  <testcase name="readExecl" time="1.370" classname="com.crestech.common.utilities.ExcelUtils"/>
</testsuite> <!-- com.crestech.common.utilities.ExcelUtils -->
