<?xml version="1.0" encoding="UTF-8"?>
<!-- Generated by org.testng.reporters.JUnitReportReporter -->
<testsuite skipped="0" hostname="DESKTOP-HRGIDKR" name="com.crestech.android.tests.pCloudyAndroidChromeTest" tests="1" failures="0" timestamp="16 Jun 2020 10:55:32 GMT" time="68.000" errors="0">
  <testcase name="SampleAndroidTest" time="68.000" classname="com.crestech.android.tests.pCloudyAndroidChromeTest"/>
</testsuite> <!-- com.crestech.android.tests.pCloudyAndroidChromeTest -->
