<?xml version="1.0" encoding="UTF-8"?>
<!-- Generated by org.testng.reporters.JUnitReportReporter -->
<testsuite hostname="CTNL0034" failures="0" tests="1" name="com.crestech.android.tests.pCloudyIosTest" time="49.941" errors="0" timestamp="26 Oct 2021 05:27:08 GMT" skipped="0">
  <testcase classname="com.crestech.android.tests.pCloudyIosTest" name="sampleIosTest" time="49.941"/>
</testsuite> <!-- com.crestech.android.tests.pCloudyIosTest -->
