<?xml version="1.0" encoding="UTF-8"?>
<!-- Generated by org.testng.reporters.JUnitReportReporter -->
<testsuite skipped="0" hostname="DESKTOP-9OLEHDV" name="com.crestech.android.tests.pCloudyAndroidTest" tests="1" failures="0" timestamp="16 Jun 2020 05:15:39 GMT" time="77.342" errors="0">
  <testcase name="SampleAndroidTest1" time="77.342" classname="com.crestech.android.tests.pCloudyAndroidTest"/>
</testsuite> <!-- com.crestech.android.tests.pCloudyAndroidTest -->
