<?xml version="1.0" encoding="UTF-8"?>
<!-- Generated by org.testng.reporters.JUnitReportReporter -->
<testsuite hostname="CTNL0060" failures="0" tests="2" name="com.crestech.android.tests.DBS_IOSTest" time="89.204" errors="0" timestamp="01 Nov 2021 09:06:03 GMT" skipped="0">
  <testcase classname="com.crestech.android.tests.DBS_IOSTest" name="sampleIosTest" time="43.589"/>
  <testcase classname="com.crestech.android.tests.DBS_IOSTest" name="sampleIosTest" time="45.615"/>
</testsuite> <!-- com.crestech.android.tests.DBS_IOSTest -->
